2026-02-20T09:16:11.486+05:30  INFO 4272 --- [revpay] [main] com.revpay.RevpayApplication             : Starting RevpayApplication using Java 22.0.2 with PID 4272 (C:\Users\namit\Desktop\RevTraining\Project 2\revpay\target\classes started by namit in C:\Users\namit\Desktop\RevTraining\Project 2\revpay)
2026-02-20T09:16:11.498+05:30  INFO 4272 --- [revpay] [main] com.revpay.RevpayApplication             : No active profile set, falling back to 1 default profile: "default"
2026-02-20T09:16:12.912+05:30  INFO 4272 --- [revpay] [main] .s.d.r.c.RepositoryConfigurationDelegate : Bootstrapping Spring Data JPA repositories in DEFAULT mode.
2026-02-20T09:16:13.027+05:30  INFO 4272 --- [revpay] [main] .s.d.r.c.RepositoryConfigurationDelegate : Finished Spring Data repository scanning in 96 ms. Found 9 JPA repository interfaces.
2026-02-20T09:16:14.132+05:30  INFO 4272 --- [revpay] [main] o.s.b.w.embedded.tomcat.TomcatWebServer  : Tomcat initialized with port 8080 (http)
2026-02-20T09:16:14.160+05:30  INFO 4272 --- [revpay] [main] o.apache.catalina.core.StandardService   : Starting service [Tomcat]
2026-02-20T09:16:14.161+05:30  INFO 4272 --- [revpay] [main] o.apache.catalina.core.StandardEngine    : Starting Servlet engine: [Apache Tomcat/10.1.50]
2026-02-20T09:16:14.273+05:30  INFO 4272 --- [revpay] [main] o.a.c.c.C.[Tomcat].[localhost].[/]       : Initializing Spring embedded WebApplicationContext
2026-02-20T09:16:14.273+05:30  INFO 4272 --- [revpay] [main] w.s.c.ServletWebServerApplicationContext : Root WebApplicationContext: initialization completed in 2691 ms
2026-02-20T09:16:14.318+05:30  WARN 4272 --- [revpay] [main] .s.s.UserDetailsServiceAutoConfiguration : 

Using generated security password: b720ec3b-6753-49c7-9bf8-df47153abede

This generated password is for development use only. Your security configuration must be updated before running your application in production.

2026-02-20T09:16:14.429+05:30 DEBUG 4272 --- [revpay] [main] c.r.security.JwtAuthenticationFilter     : Filter 'jwtAuthenticationFilter' configured for use
2026-02-20T09:16:14.684+05:30  INFO 4272 --- [revpay] [main] o.hibernate.jpa.internal.util.LogHelper  : HHH000204: Processing PersistenceUnitInfo [name: default]
2026-02-20T09:16:14.777+05:30  INFO 4272 --- [revpay] [main] org.hibernate.Version                    : HHH000412: Hibernate ORM core version 6.6.41.Final
2026-02-20T09:16:14.831+05:30  INFO 4272 --- [revpay] [main] o.h.c.internal.RegionFactoryInitiator    : HHH000026: Second-level cache disabled
2026-02-20T09:16:15.348+05:30  INFO 4272 --- [revpay] [main] o.s.o.j.p.SpringPersistenceUnitInfo      : No LoadTimeWeaver setup: ignoring JPA class transformer
2026-02-20T09:16:15.399+05:30  INFO 4272 --- [revpay] [main] com.zaxxer.hikari.HikariDataSource       : HikariPool-1 - Starting...
2026-02-20T09:16:15.782+05:30  INFO 4272 --- [revpay] [main] com.zaxxer.hikari.pool.HikariPool        : HikariPool-1 - Added connection com.mysql.cj.jdbc.ConnectionImpl@704c3bdf
2026-02-20T09:16:15.784+05:30  INFO 4272 --- [revpay] [main] com.zaxxer.hikari.HikariDataSource       : HikariPool-1 - Start completed.
2026-02-20T09:16:15.910+05:30  WARN 4272 --- [revpay] [main] org.hibernate.orm.deprecation            : HHH90000025: MySQLDialect does not need to be specified explicitly using 'hibernate.dialect' (remove the property setting and it will be selected by default)
2026-02-20T09:16:15.933+05:30  INFO 4272 --- [revpay] [main] org.hibernate.orm.connections.pooling    : HHH10001005: Database info:
	Database JDBC URL [Connecting through datasource 'HikariDataSource (HikariPool-1)']
	Database driver: undefined/unknown
	Database version: 8.0.44
	Autocommit mode: undefined/unknown
	Isolation level: undefined/unknown
	Minimum pool size: undefined/unknown
	Maximum pool size: undefined/unknown
2026-02-20T09:16:15.943+05:30 DEBUG 4272 --- [revpay] [main] o.h.t.d.sql.spi.DdlTypeRegistry          : addDescriptor(12, org.hibernate.type.descriptor.sql.internal.CapacityDependentDdlType@2beee3e8) replaced previous registration(org.hibernate.type.descriptor.sql.internal.CapacityDependentDdlType@732d078d)
2026-02-20T09:16:15.944+05:30 DEBUG 4272 --- [revpay] [main] o.h.t.d.sql.spi.DdlTypeRegistry          : addDescriptor(-9, org.hibernate.type.descriptor.sql.internal.CapacityDependentDdlType@58bad46f) replaced previous registration(org.hibernate.type.descriptor.sql.internal.CapacityDependentDdlType@7c0e4e4e)
2026-02-20T09:16:15.944+05:30 DEBUG 4272 --- [revpay] [main] o.h.t.d.sql.spi.DdlTypeRegistry          : addDescriptor(-3, org.hibernate.type.descriptor.sql.internal.CapacityDependentDdlType@20231384) replaced previous registration(org.hibernate.type.descriptor.sql.internal.CapacityDependentDdlType@3ba97962)
2026-02-20T09:16:15.944+05:30 DEBUG 4272 --- [revpay] [main] o.h.t.d.sql.spi.DdlTypeRegistry          : addDescriptor(4003, org.hibernate.type.descriptor.sql.internal.DdlTypeImpl@35becbd4) replaced previous registration(org.hibernate.type.descriptor.sql.internal.DdlTypeImpl@3bcc8f13)
2026-02-20T09:16:15.944+05:30 DEBUG 4272 --- [revpay] [main] o.h.t.d.sql.spi.DdlTypeRegistry          : addDescriptor(4001, org.hibernate.type.descriptor.sql.internal.DdlTypeImpl@3cb04dd) replaced previous registration(org.hibernate.type.descriptor.sql.internal.DdlTypeImpl@73d91faf)
2026-02-20T09:16:15.944+05:30 DEBUG 4272 --- [revpay] [main] o.h.t.d.sql.spi.DdlTypeRegistry          : addDescriptor(4002, org.hibernate.type.descriptor.sql.internal.DdlTypeImpl@30fa8a6b) replaced previous registration(org.hibernate.type.descriptor.sql.internal.DdlTypeImpl@6f112f70)
2026-02-20T09:16:15.946+05:30 DEBUG 4272 --- [revpay] [main] o.h.t.d.sql.spi.DdlTypeRegistry          : addDescriptor(2004, org.hibernate.type.descriptor.sql.internal.CapacityDependentDdlType@342723a3) replaced previous registration(org.hibernate.type.descriptor.sql.internal.DdlTypeImpl@f3876ef)
2026-02-20T09:16:15.946+05:30 DEBUG 4272 --- [revpay] [main] o.h.t.d.sql.spi.DdlTypeRegistry          : addDescriptor(2005, org.hibernate.type.descriptor.sql.internal.CapacityDependentDdlType@6b751cb1) replaced previous registration(org.hibernate.type.descriptor.sql.internal.DdlTypeImpl@df9d400)
2026-02-20T09:16:15.946+05:30 DEBUG 4272 --- [revpay] [main] o.h.t.d.sql.spi.DdlTypeRegistry          : addDescriptor(2011, org.hibernate.type.descriptor.sql.internal.CapacityDependentDdlType@4ec427) replaced previous registration(org.hibernate.type.descriptor.sql.internal.DdlTypeImpl@4c8d45cf)
2026-02-20T09:16:17.386+05:30  INFO 4272 --- [revpay] [main] o.h.e.t.j.p.i.JtaPlatformInitiator       : HHH000489: No JTA platform available (set 'hibernate.transaction.jta.platform' to enable JTA platform integration)
2026-02-20T09:16:17.628+05:30 DEBUG 4272 --- [revpay] [main] org.hibernate.SQL                        : create table loan_installment (installment_id bigint not null auto_increment, amount decimal(38,2), due_date date, installment_number integer, status enum ('OVERDUE','PAID','PENDING'), loan_id bigint, primary key (installment_id)) engine=InnoDB
2026-02-20T09:16:17.826+05:30 DEBUG 4272 --- [revpay] [main] org.hibernate.SQL                        : create table loans (loan_id bigint not null auto_increment, amount decimal(38,2), emi_amount decimal(38,2), end_date date, interest_rate decimal(38,2), purpose varchar(255), remaining_amount decimal(38,2), start_date date, status enum ('ACTIVE','APPLIED','APPROVED','CLOSED','REJECTED','UNDER_REVIEW'), tenure_months integer, user_id bigint, primary key (loan_id)) engine=InnoDB
2026-02-20T09:16:17.974+05:30 DEBUG 4272 --- [revpay] [main] org.hibernate.SQL                        : alter table loan_installment add constraint FKpdp3bph4jux7wmjpyyjsd2vek foreign key (loan_id) references loans (loan_id)
2026-02-20T09:16:18.139+05:30 DEBUG 4272 --- [revpay] [main] org.hibernate.SQL                        : alter table loans add constraint FK6xxlcjc0rqtn5nq28vjnx5t9d foreign key (user_id) references users (user_id)
2026-02-20T09:16:18.417+05:30  INFO 4272 --- [revpay] [main] j.LocalContainerEntityManagerFactoryBean : Initialized JPA EntityManagerFactory for persistence unit 'default'
2026-02-20T09:16:19.156+05:30  WARN 4272 --- [revpay] [main] ConfigServletWebServerApplicationContext : Exception encountered during context initialization - cancelling refresh attempt: org.springframework.beans.factory.UnsatisfiedDependencyException: Error creating bean with name 'loanAdminController' defined in file [C:\Users\namit\Desktop\RevTraining\Project 2\revpay\target\classes\com\revpay\controller\LoanAdminController.class]: Unsatisfied dependency expressed through constructor parameter 0: Error creating bean with name 'loanService' defined in file [C:\Users\namit\Desktop\RevTraining\Project 2\revpay\target\classes\com\revpay\service\LoanService.class]: Unsatisfied dependency expressed through constructor parameter 0: Error creating bean with name 'loanRepository' defined in com.revpay.repository.LoanRepository defined in @EnableJpaRepositories declared on JpaRepositoriesRegistrar.EnableJpaRepositoriesConfiguration: Could not create query for public abstract java.util.List com.revpay.repository.LoanRepository.findByUser_Id(java.lang.Long); Reason: Failed to create query for method public abstract java.util.List com.revpay.repository.LoanRepository.findByUser_Id(java.lang.Long); No property 'id' found for type 'User'; Traversed path: Loan.user
2026-02-20T09:16:19.157+05:30  INFO 4272 --- [revpay] [main] j.LocalContainerEntityManagerFactoryBean : Closing JPA EntityManagerFactory for persistence unit 'default'
2026-02-20T09:16:19.165+05:30  INFO 4272 --- [revpay] [main] com.zaxxer.hikari.HikariDataSource       : HikariPool-1 - Shutdown initiated...
2026-02-20T09:16:19.177+05:30  INFO 4272 --- [revpay] [main] com.zaxxer.hikari.HikariDataSource       : HikariPool-1 - Shutdown completed.
2026-02-20T09:16:19.181+05:30  INFO 4272 --- [revpay] [main] o.apache.catalina.core.StandardService   : Stopping service [Tomcat]
2026-02-20T09:16:19.199+05:30  INFO 4272 --- [revpay] [main] .s.b.a.l.ConditionEvaluationReportLogger : 

Error starting ApplicationContext. To display the condition evaluation report re-run your application with 'debug' enabled.
2026-02-20T09:16:19.227+05:30 ERROR 4272 --- [revpay] [main] o.s.boot.SpringApplication               : Application run failed

org.springframework.beans.factory.UnsatisfiedDependencyException: Error creating bean with name 'loanAdminController' defined in file [C:\Users\namit\Desktop\RevTraining\Project 2\revpay\target\classes\com\revpay\controller\LoanAdminController.class]: Unsatisfied dependency expressed through constructor parameter 0: Error creating bean with name 'loanService' defined in file [C:\Users\namit\Desktop\RevTraining\Project 2\revpay\target\classes\com\revpay\service\LoanService.class]: Unsatisfied dependency expressed through constructor parameter 0: Error creating bean with name 'loanRepository' defined in com.revpay.repository.LoanRepository defined in @EnableJpaRepositories declared on JpaRepositoriesRegistrar.EnableJpaRepositoriesConfiguration: Could not create query for public abstract java.util.List com.revpay.repository.LoanRepository.findByUser_Id(java.lang.Long); Reason: Failed to create query for method public abstract java.util.List com.revpay.repository.LoanRepository.findByUser_Id(java.lang.Long); No property 'id' found for type 'User'; Traversed path: Loan.user
	at org.springframework.beans.factory.support.ConstructorResolver.createArgumentArray(ConstructorResolver.java:804) ~[spring-beans-6.2.15.jar:6.2.15]
	at org.springframework.beans.factory.support.ConstructorResolver.autowireConstructor(ConstructorResolver.java:240) ~[spring-beans-6.2.15.jar:6.2.15]
	at org.springframework.beans.factory.support.AbstractAutowireCapableBeanFactory.autowireConstructor(AbstractAutowireCapableBeanFactory.java:1395) ~[spring-beans-6.2.15.jar:6.2.15]
	at org.springframework.beans.factory.support.AbstractAutowireCapableBeanFactory.createBeanInstance(AbstractAutowireCapableBeanFactory.java:1232) ~[spring-beans-6.2.15.jar:6.2.15]
	at org.springframework.beans.factory.support.AbstractAutowireCapableBeanFactory.doCreateBean(AbstractAutowireCapableBeanFactory.java:569) ~[spring-beans-6.2.15.jar:6.2.15]
	at org.springframework.beans.factory.support.AbstractAutowireCapableBeanFactory.createBean(AbstractAutowireCapableBeanFactory.java:529) ~[spring-beans-6.2.15.jar:6.2.15]
	at org.springframework.beans.factory.support.AbstractBeanFactory.lambda$doGetBean$0(AbstractBeanFactory.java:339) ~[spring-beans-6.2.15.jar:6.2.15]
	at org.springframework.beans.factory.support.DefaultSingletonBeanRegistry.getSingleton(DefaultSingletonBeanRegistry.java:373) ~[spring-beans-6.2.15.jar:6.2.15]
	at org.springframework.beans.factory.support.AbstractBeanFactory.doGetBean(AbstractBeanFactory.java:337) ~[spring-beans-6.2.15.jar:6.2.15]
	at org.springframework.beans.factory.support.AbstractBeanFactory.getBean(AbstractBeanFactory.java:202) ~[spring-beans-6.2.15.jar:6.2.15]
	at org.springframework.beans.factory.support.DefaultListableBeanFactory.instantiateSingleton(DefaultListableBeanFactory.java:1228) ~[spring-beans-6.2.15.jar:6.2.15]
	at org.springframework.beans.factory.support.DefaultListableBeanFactory.preInstantiateSingleton(DefaultListableBeanFactory.java:1194) ~[spring-beans-6.2.15.jar:6.2.15]
	at org.springframework.beans.factory.support.DefaultListableBeanFactory.preInstantiateSingletons(DefaultListableBeanFactory.java:1130) ~[spring-beans-6.2.15.jar:6.2.15]
	at org.springframework.context.support.AbstractApplicationContext.finishBeanFactoryInitialization(AbstractApplicationContext.java:990) ~[spring-context-6.2.15.jar:6.2.15]
	at org.springframework.context.support.AbstractApplicationContext.refresh(AbstractApplicationContext.java:627) ~[spring-context-6.2.15.jar:6.2.15]
	at org.springframework.boot.web.servlet.context.ServletWebServerApplicationContext.refresh(ServletWebServerApplicationContext.java:146) ~[spring-boot-3.5.10.jar:3.5.10]
	at org.springframework.boot.SpringApplication.refresh(SpringApplication.java:752) ~[spring-boot-3.5.10.jar:3.5.10]
	at org.springframework.boot.SpringApplication.refreshContext(SpringApplication.java:439) ~[spring-boot-3.5.10.jar:3.5.10]
	at org.springframework.boot.SpringApplication.run(SpringApplication.java:318) ~[spring-boot-3.5.10.jar:3.5.10]
	at org.springframework.boot.SpringApplication.run(SpringApplication.java:1361) ~[spring-boot-3.5.10.jar:3.5.10]
	at org.springframework.boot.SpringApplication.run(SpringApplication.java:1350) ~[spring-boot-3.5.10.jar:3.5.10]
	at com.revpay.RevpayApplication.main(RevpayApplication.java:12) ~[classes/:na]
Caused by: org.springframework.beans.factory.UnsatisfiedDependencyException: Error creating bean with name 'loanService' defined in file [C:\Users\namit\Desktop\RevTraining\Project 2\revpay\target\classes\com\revpay\service\LoanService.class]: Unsatisfied dependency expressed through constructor parameter 0: Error creating bean with name 'loanRepository' defined in com.revpay.repository.LoanRepository defined in @EnableJpaRepositories declared on JpaRepositoriesRegistrar.EnableJpaRepositoriesConfiguration: Could not create query for public abstract java.util.List com.revpay.repository.LoanRepository.findByUser_Id(java.lang.Long); Reason: Failed to create query for method public abstract java.util.List com.revpay.repository.LoanRepository.findByUser_Id(java.lang.Long); No property 'id' found for type 'User'; Traversed path: Loan.user
	at org.springframework.beans.factory.support.ConstructorResolver.createArgumentArray(ConstructorResolver.java:804) ~[spring-beans-6.2.15.jar:6.2.15]
	at org.springframework.beans.factory.support.ConstructorResolver.autowireConstructor(ConstructorResolver.java:240) ~[spring-beans-6.2.15.jar:6.2.15]
	at org.springframework.beans.factory.support.AbstractAutowireCapableBeanFactory.autowireConstructor(AbstractAutowireCapableBeanFactory.java:1395) ~[spring-beans-6.2.15.jar:6.2.15]
	at org.springframework.beans.factory.support.AbstractAutowireCapableBeanFactory.createBeanInstance(AbstractAutowireCapableBeanFactory.java:1232) ~[spring-beans-6.2.15.jar:6.2.15]
	at org.springframework.beans.factory.support.AbstractAutowireCapableBeanFactory.doCreateBean(AbstractAutowireCapableBeanFactory.java:569) ~[spring-beans-6.2.15.jar:6.2.15]
	at org.springframework.beans.factory.support.AbstractAutowireCapableBeanFactory.createBean(AbstractAutowireCapableBeanFactory.java:529) ~[spring-beans-6.2.15.jar:6.2.15]
	at org.springframework.beans.factory.support.AbstractBeanFactory.lambda$doGetBean$0(AbstractBeanFactory.java:339) ~[spring-beans-6.2.15.jar:6.2.15]
	at org.springframework.beans.factory.support.DefaultSingletonBeanRegistry.getSingleton(DefaultSingletonBeanRegistry.java:373) ~[spring-beans-6.2.15.jar:6.2.15]
	at org.springframework.beans.factory.support.AbstractBeanFactory.doGetBean(AbstractBeanFactory.java:337) ~[spring-beans-6.2.15.jar:6.2.15]
	at org.springframework.beans.factory.support.AbstractBeanFactory.getBean(AbstractBeanFactory.java:202) ~[spring-beans-6.2.15.jar:6.2.15]
	at org.springframework.beans.factory.support.DefaultListableBeanFactory.doResolveDependency(DefaultListableBeanFactory.java:1708) ~[spring-beans-6.2.15.jar:6.2.15]
	at org.springframework.beans.factory.support.DefaultListableBeanFactory.resolveDependency(DefaultListableBeanFactory.java:1653) ~[spring-beans-6.2.15.jar:6.2.15]
	at org.springframework.beans.factory.support.ConstructorResolver.resolveAutowiredArgument(ConstructorResolver.java:913) ~[spring-beans-6.2.15.jar:6.2.15]
	at org.springframework.beans.factory.support.ConstructorResolver.createArgumentArray(ConstructorResolver.java:791) ~[spring-beans-6.2.15.jar:6.2.15]
	... 21 common frames omitted
Caused by: org.springframework.beans.factory.BeanCreationException: Error creating bean with name 'loanRepository' defined in com.revpay.repository.LoanRepository defined in @EnableJpaRepositories declared on JpaRepositoriesRegistrar.EnableJpaRepositoriesConfiguration: Could not create query for public abstract java.util.List com.revpay.repository.LoanRepository.findByUser_Id(java.lang.Long); Reason: Failed to create query for method public abstract java.util.List com.revpay.repository.LoanRepository.findByUser_Id(java.lang.Long); No property 'id' found for type 'User'; Traversed path: Loan.user
	at org.springframework.beans.factory.support.AbstractAutowireCapableBeanFactory.initializeBean(AbstractAutowireCapableBeanFactory.java:1826) ~[spring-beans-6.2.15.jar:6.2.15]
	at org.springframework.beans.factory.support.AbstractAutowireCapableBeanFactory.doCreateBean(AbstractAutowireCapableBeanFactory.java:607) ~[spring-beans-6.2.15.jar:6.2.15]
	at org.springframework.beans.factory.support.AbstractAutowireCapableBeanFactory.createBean(AbstractAutowireCapableBeanFactory.java:529) ~[spring-beans-6.2.15.jar:6.2.15]
	at org.springframework.beans.factory.support.AbstractBeanFactory.lambda$doGetBean$0(AbstractBeanFactory.java:339) ~[spring-beans-6.2.15.jar:6.2.15]
	at org.springframework.beans.factory.support.DefaultSingletonBeanRegistry.getSingleton(DefaultSingletonBeanRegistry.java:373) ~[spring-beans-6.2.15.jar:6.2.15]
	at org.springframework.beans.factory.support.AbstractBeanFactory.doGetBean(AbstractBeanFactory.java:337) ~[spring-beans-6.2.15.jar:6.2.15]
	at org.springframework.beans.factory.support.AbstractBeanFactory.getBean(AbstractBeanFactory.java:202) ~[spring-beans-6.2.15.jar:6.2.15]
	at org.springframework.beans.factory.support.DefaultListableBeanFactory.doResolveDependency(DefaultListableBeanFactory.java:1708) ~[spring-beans-6.2.15.jar:6.2.15]
	at org.springframework.beans.factory.support.DefaultListableBeanFactory.resolveDependency(DefaultListableBeanFactory.java:1653) ~[spring-beans-6.2.15.jar:6.2.15]
	at org.springframework.beans.factory.support.ConstructorResolver.resolveAutowiredArgument(ConstructorResolver.java:913) ~[spring-beans-6.2.15.jar:6.2.15]
	at org.springframework.beans.factory.support.ConstructorResolver.createArgumentArray(ConstructorResolver.java:791) ~[spring-beans-6.2.15.jar:6.2.15]
	... 34 common frames omitted
Caused by: org.springframework.data.repository.query.QueryCreationException: Could not create query for public abstract java.util.List com.revpay.repository.LoanRepository.findByUser_Id(java.lang.Long); Reason: Failed to create query for method public abstract java.util.List com.revpay.repository.LoanRepository.findByUser_Id(java.lang.Long); No property 'id' found for type 'User'; Traversed path: Loan.user
	at org.springframework.data.repository.query.QueryCreationException.create(QueryCreationException.java:101) ~[spring-data-commons-3.5.8.jar:3.5.8]
	at org.springframework.data.repository.core.support.QueryExecutorMethodInterceptor.lookupQuery(QueryExecutorMethodInterceptor.java:120) ~[spring-data-commons-3.5.8.jar:3.5.8]
	at org.springframework.data.repository.core.support.QueryExecutorMethodInterceptor.mapMethodsToQuery(QueryExecutorMethodInterceptor.java:104) ~[spring-data-commons-3.5.8.jar:3.5.8]
	at org.springframework.data.repository.core.support.QueryExecutorMethodInterceptor.lambda$new$0(QueryExecutorMethodInterceptor.java:92) ~[spring-data-commons-3.5.8.jar:3.5.8]
	at java.base/java.util.Optional.map(Optional.java:260) ~[na:na]
	at org.springframework.data.repository.core.support.QueryExecutorMethodInterceptor.<init>(QueryExecutorMethodInterceptor.java:92) ~[spring-data-commons-3.5.8.jar:3.5.8]
	at org.springframework.data.repository.core.support.RepositoryFactorySupport.getRepository(RepositoryFactorySupport.java:434) ~[spring-data-commons-3.5.8.jar:3.5.8]
	at org.springframework.data.repository.core.support.RepositoryFactoryBeanSupport.lambda$afterPropertiesSet$4(RepositoryFactoryBeanSupport.java:355) ~[spring-data-commons-3.5.8.jar:3.5.8]
	at org.springframework.data.util.Lazy.getNullable(Lazy.java:135) ~[spring-data-commons-3.5.8.jar:3.5.8]
	at org.springframework.data.util.Lazy.get(Lazy.java:113) ~[spring-data-commons-3.5.8.jar:3.5.8]
	at org.springframework.data.repository.core.support.RepositoryFactoryBeanSupport.afterPropertiesSet(RepositoryFactoryBeanSupport.java:361) ~[spring-data-commons-3.5.8.jar:3.5.8]
	at org.springframework.data.jpa.repository.support.JpaRepositoryFactoryBean.afterPropertiesSet(JpaRepositoryFactoryBean.java:132) ~[spring-data-jpa-3.5.8.jar:3.5.8]
	at org.springframework.beans.factory.support.AbstractAutowireCapableBeanFactory.invokeInitMethods(AbstractAutowireCapableBeanFactory.java:1873) ~[spring-beans-6.2.15.jar:6.2.15]
	at org.springframework.beans.factory.support.AbstractAutowireCapableBeanFactory.initializeBean(AbstractAutowireCapableBeanFactory.java:1822) ~[spring-beans-6.2.15.jar:6.2.15]
	... 44 common frames omitted
Caused by: java.lang.IllegalArgumentException: Failed to create query for method public abstract java.util.List com.revpay.repository.LoanRepository.findByUser_Id(java.lang.Long); No property 'id' found for type 'User'; Traversed path: Loan.user
	at org.springframework.data.jpa.repository.query.PartTreeJpaQuery.<init>(PartTreeJpaQuery.java:107) ~[spring-data-jpa-3.5.8.jar:3.5.8]
	at org.springframework.data.jpa.repository.query.JpaQueryLookupStrategy$CreateQueryLookupStrategy.resolveQuery(JpaQueryLookupStrategy.java:128) ~[spring-data-jpa-3.5.8.jar:3.5.8]
	at org.springframework.data.jpa.repository.query.JpaQueryLookupStrategy$CreateIfNotFoundQueryLookupStrategy.resolveQuery(JpaQueryLookupStrategy.java:260) ~[spring-data-jpa-3.5.8.jar:3.5.8]
	at org.springframework.data.jpa.repository.query.JpaQueryLookupStrategy$AbstractQueryLookupStrategy.resolveQuery(JpaQueryLookupStrategy.java:99) ~[spring-data-jpa-3.5.8.jar:3.5.8]
	at org.springframework.data.repository.core.support.QueryExecutorMethodInterceptor.lookupQuery(QueryExecutorMethodInterceptor.java:116) ~[spring-data-commons-3.5.8.jar:3.5.8]
	... 56 common frames omitted
Caused by: org.springframework.data.mapping.PropertyReferenceException: No property 'id' found for type 'User'; Traversed path: Loan.user
	at org.springframework.data.mapping.PropertyPath.<init>(PropertyPath.java:94) ~[spring-data-commons-3.5.8.jar:3.5.8]
	at org.springframework.data.mapping.PropertyPath.create(PropertyPath.java:455) ~[spring-data-commons-3.5.8.jar:3.5.8]
	at org.springframework.data.mapping.PropertyPath.create(PropertyPath.java:431) ~[spring-data-commons-3.5.8.jar:3.5.8]
	at org.springframework.data.mapping.PropertyPath.create(PropertyPath.java:415) ~[spring-data-commons-3.5.8.jar:3.5.8]
	at org.springframework.data.mapping.PropertyPath.lambda$from$0(PropertyPath.java:387) ~[spring-data-commons-3.5.8.jar:3.5.8]
	at org.springframework.util.ConcurrentReferenceHashMap$6.execute(ConcurrentReferenceHashMap.java:395) ~[spring-core-6.2.15.jar:6.2.15]
	at org.springframework.util.ConcurrentReferenceHashMap$Segment.doTask(ConcurrentReferenceHashMap.java:688) ~[spring-core-6.2.15.jar:6.2.15]
	at org.springframework.util.ConcurrentReferenceHashMap.doTask(ConcurrentReferenceHashMap.java:570) ~[spring-core-6.2.15.jar:6.2.15]
	at org.springframework.util.ConcurrentReferenceHashMap.computeIfAbsent(ConcurrentReferenceHashMap.java:389) ~[spring-core-6.2.15.jar:6.2.15]
	at org.springframework.data.mapping.PropertyPath.from(PropertyPath.java:366) ~[spring-data-commons-3.5.8.jar:3.5.8]
	at org.springframework.data.mapping.PropertyPath.from(PropertyPath.java:344) ~[spring-data-commons-3.5.8.jar:3.5.8]
	at org.springframework.data.repository.query.parser.Part.<init>(Part.java:81) ~[spring-data-commons-3.5.8.jar:3.5.8]
	at org.springframework.data.repository.query.parser.PartTree$OrPart.lambda$new$0(PartTree.java:259) ~[spring-data-commons-3.5.8.jar:3.5.8]
	at java.base/java.util.stream.ReferencePipeline$3$1.accept(ReferencePipeline.java:212) ~[na:na]
	at java.base/java.util.stream.ReferencePipeline$2$1.accept(ReferencePipeline.java:194) ~[na:na]
	at java.base/java.util.Spliterators$ArraySpliterator.forEachRemaining(Spliterators.java:1024) ~[na:na]
	at java.base/java.util.stream.AbstractPipeline.copyInto(AbstractPipeline.java:556) ~[na:na]
	at java.base/java.util.stream.AbstractPipeline.wrapAndCopyInto(AbstractPipeline.java:546) ~[na:na]
	at java.base/java.util.stream.ReduceOps$ReduceOp.evaluateSequential(ReduceOps.java:921) ~[na:na]
	at java.base/java.util.stream.AbstractPipeline.evaluate(AbstractPipeline.java:265) ~[na:na]
	at java.base/java.util.stream.ReferencePipeline.collect(ReferencePipeline.java:702) ~[na:na]
	at org.springframework.data.repository.query.parser.PartTree$OrPart.<init>(PartTree.java:260) ~[spring-data-commons-3.5.8.jar:3.5.8]
	at org.springframework.data.repository.query.parser.PartTree$Predicate.lambda$new$0(PartTree.java:389) ~[spring-data-commons-3.5.8.jar:3.5.8]
	at java.base/java.util.stream.ReferencePipeline$3$1.accept(ReferencePipeline.java:212) ~[na:na]
	at java.base/java.util.stream.ReferencePipeline$2$1.accept(ReferencePipeline.java:194) ~[na:na]
	at java.base/java.util.Spliterators$ArraySpliterator.forEachRemaining(Spliterators.java:1024) ~[na:na]
	at java.base/java.util.stream.AbstractPipeline.copyInto(AbstractPipeline.java:556) ~[na:na]
	at java.base/java.util.stream.AbstractPipeline.wrapAndCopyInto(AbstractPipeline.java:546) ~[na:na]
	at java.base/java.util.stream.ReduceOps$ReduceOp.evaluateSequential(ReduceOps.java:921) ~[na:na]
	at java.base/java.util.stream.AbstractPipeline.evaluate(AbstractPipeline.java:265) ~[na:na]
	at java.base/java.util.stream.ReferencePipeline.collect(ReferencePipeline.java:702) ~[na:na]
	at org.springframework.data.repository.query.parser.PartTree$Predicate.<init>(PartTree.java:390) ~[spring-data-commons-3.5.8.jar:3.5.8]
	at org.springframework.data.repository.query.parser.PartTree.<init>(PartTree.java:103) ~[spring-data-commons-3.5.8.jar:3.5.8]
	at org.springframework.data.jpa.repository.query.PartTreeJpaQuery.<init>(PartTreeJpaQuery.java:101) ~[spring-data-jpa-3.5.8.jar:3.5.8]
	... 60 common frames omitted

2026-02-20T09:29:08.996+05:30  INFO 9692 --- [revpay] [main] com.revpay.RevpayApplication             : Starting RevpayApplication using Java 22.0.2 with PID 9692 (C:\Users\namit\Desktop\RevTraining\Project 2\revpay\target\classes started by namit in C:\Users\namit\Desktop\RevTraining\Project 2\revpay)
2026-02-20T09:29:09.002+05:30  INFO 9692 --- [revpay] [main] com.revpay.RevpayApplication             : No active profile set, falling back to 1 default profile: "default"
2026-02-20T09:29:10.729+05:30  INFO 9692 --- [revpay] [main] .s.d.r.c.RepositoryConfigurationDelegate : Bootstrapping Spring Data JPA repositories in DEFAULT mode.
2026-02-20T09:29:10.869+05:30  INFO 9692 --- [revpay] [main] .s.d.r.c.RepositoryConfigurationDelegate : Finished Spring Data repository scanning in 118 ms. Found 9 JPA repository interfaces.
2026-02-20T09:29:12.465+05:30  INFO 9692 --- [revpay] [main] o.s.b.w.embedded.tomcat.TomcatWebServer  : Tomcat initialized with port 8080 (http)
2026-02-20T09:29:12.491+05:30  INFO 9692 --- [revpay] [main] o.apache.catalina.core.StandardService   : Starting service [Tomcat]
2026-02-20T09:29:12.492+05:30  INFO 9692 --- [revpay] [main] o.apache.catalina.core.StandardEngine    : Starting Servlet engine: [Apache Tomcat/10.1.50]
2026-02-20T09:29:12.580+05:30  INFO 9692 --- [revpay] [main] o.a.c.c.C.[Tomcat].[localhost].[/]       : Initializing Spring embedded WebApplicationContext
2026-02-20T09:29:12.580+05:30  INFO 9692 --- [revpay] [main] w.s.c.ServletWebServerApplicationContext : Root WebApplicationContext: initialization completed in 3467 ms
2026-02-20T09:29:12.637+05:30  WARN 9692 --- [revpay] [main] .s.s.UserDetailsServiceAutoConfiguration : 

Using generated security password: b2469f1f-fdcf-4abd-b080-64422fdd719e

This generated password is for development use only. Your security configuration must be updated before running your application in production.

2026-02-20T09:29:12.795+05:30 DEBUG 9692 --- [revpay] [main] c.r.security.JwtAuthenticationFilter     : Filter 'jwtAuthenticationFilter' configured for use
2026-02-20T09:29:13.222+05:30  INFO 9692 --- [revpay] [main] o.hibernate.jpa.internal.util.LogHelper  : HHH000204: Processing PersistenceUnitInfo [name: default]
2026-02-20T09:29:13.365+05:30  INFO 9692 --- [revpay] [main] org.hibernate.Version                    : HHH000412: Hibernate ORM core version 6.6.41.Final
2026-02-20T09:29:13.418+05:30  INFO 9692 --- [revpay] [main] o.h.c.internal.RegionFactoryInitiator    : HHH000026: Second-level cache disabled
2026-02-20T09:29:13.913+05:30  INFO 9692 --- [revpay] [main] o.s.o.j.p.SpringPersistenceUnitInfo      : No LoadTimeWeaver setup: ignoring JPA class transformer
2026-02-20T09:29:13.989+05:30  INFO 9692 --- [revpay] [main] com.zaxxer.hikari.HikariDataSource       : HikariPool-1 - Starting...
2026-02-20T09:29:14.575+05:30  INFO 9692 --- [revpay] [main] com.zaxxer.hikari.pool.HikariPool        : HikariPool-1 - Added connection com.mysql.cj.jdbc.ConnectionImpl@26865b57
2026-02-20T09:29:14.579+05:30  INFO 9692 --- [revpay] [main] com.zaxxer.hikari.HikariDataSource       : HikariPool-1 - Start completed.
2026-02-20T09:29:14.684+05:30  WARN 9692 --- [revpay] [main] org.hibernate.orm.deprecation            : HHH90000025: MySQLDialect does not need to be specified explicitly using 'hibernate.dialect' (remove the property setting and it will be selected by default)
2026-02-20T09:29:14.710+05:30  INFO 9692 --- [revpay] [main] org.hibernate.orm.connections.pooling    : HHH10001005: Database info:
	Database JDBC URL [Connecting through datasource 'HikariDataSource (HikariPool-1)']
	Database driver: undefined/unknown
	Database version: 8.0.44
	Autocommit mode: undefined/unknown
	Isolation level: undefined/unknown
	Minimum pool size: undefined/unknown
	Maximum pool size: undefined/unknown
2026-02-20T09:29:14.723+05:30 DEBUG 9692 --- [revpay] [main] o.h.t.d.sql.spi.DdlTypeRegistry          : addDescriptor(12, org.hibernate.type.descriptor.sql.internal.CapacityDependentDdlType@79b8ecb) replaced previous registration(org.hibernate.type.descriptor.sql.internal.CapacityDependentDdlType@3722f39d)
2026-02-20T09:29:14.724+05:30 DEBUG 9692 --- [revpay] [main] o.h.t.d.sql.spi.DdlTypeRegistry          : addDescriptor(-9, org.hibernate.type.descriptor.sql.internal.CapacityDependentDdlType@4ec8d9b2) replaced previous registration(org.hibernate.type.descriptor.sql.internal.CapacityDependentDdlType@57b63253)
2026-02-20T09:29:14.724+05:30 DEBUG 9692 --- [revpay] [main] o.h.t.d.sql.spi.DdlTypeRegistry          : addDescriptor(-3, org.hibernate.type.descriptor.sql.internal.CapacityDependentDdlType@c0013b8) replaced previous registration(org.hibernate.type.descriptor.sql.internal.CapacityDependentDdlType@2c1ea7be)
2026-02-20T09:29:14.724+05:30 DEBUG 9692 --- [revpay] [main] o.h.t.d.sql.spi.DdlTypeRegistry          : addDescriptor(4003, org.hibernate.type.descriptor.sql.internal.DdlTypeImpl@2493eec6) replaced previous registration(org.hibernate.type.descriptor.sql.internal.DdlTypeImpl@42d174ad)
2026-02-20T09:29:14.724+05:30 DEBUG 9692 --- [revpay] [main] o.h.t.d.sql.spi.DdlTypeRegistry          : addDescriptor(4001, org.hibernate.type.descriptor.sql.internal.DdlTypeImpl@4ec0229c) replaced previous registration(org.hibernate.type.descriptor.sql.internal.DdlTypeImpl@173a5fad)
2026-02-20T09:29:14.724+05:30 DEBUG 9692 --- [revpay] [main] o.h.t.d.sql.spi.DdlTypeRegistry          : addDescriptor(4002, org.hibernate.type.descriptor.sql.internal.DdlTypeImpl@2ce47652) replaced previous registration(org.hibernate.type.descriptor.sql.internal.DdlTypeImpl@65d90b7f)
2026-02-20T09:29:14.724+05:30 DEBUG 9692 --- [revpay] [main] o.h.t.d.sql.spi.DdlTypeRegistry          : addDescriptor(2004, org.hibernate.type.descriptor.sql.internal.CapacityDependentDdlType@2a42019a) replaced previous registration(org.hibernate.type.descriptor.sql.internal.DdlTypeImpl@6fc0e448)
2026-02-20T09:29:14.724+05:30 DEBUG 9692 --- [revpay] [main] o.h.t.d.sql.spi.DdlTypeRegistry          : addDescriptor(2005, org.hibernate.type.descriptor.sql.internal.CapacityDependentDdlType@60194904) replaced previous registration(org.hibernate.type.descriptor.sql.internal.DdlTypeImpl@4db6348b)
2026-02-20T09:29:14.724+05:30 DEBUG 9692 --- [revpay] [main] o.h.t.d.sql.spi.DdlTypeRegistry          : addDescriptor(2011, org.hibernate.type.descriptor.sql.internal.CapacityDependentDdlType@7742a276) replaced previous registration(org.hibernate.type.descriptor.sql.internal.DdlTypeImpl@1f48fa72)
2026-02-20T09:29:16.082+05:30  INFO 9692 --- [revpay] [main] o.h.e.t.j.p.i.JtaPlatformInitiator       : HHH000489: No JTA platform available (set 'hibernate.transaction.jta.platform' to enable JTA platform integration)
2026-02-20T09:29:16.295+05:30  INFO 9692 --- [revpay] [main] j.LocalContainerEntityManagerFactoryBean : Initialized JPA EntityManagerFactory for persistence unit 'default'
2026-02-20T09:29:17.350+05:30  WARN 9692 --- [revpay] [main] JpaBaseConfiguration$JpaWebConfiguration : spring.jpa.open-in-view is enabled by default. Therefore, database queries may be performed during view rendering. Explicitly configure spring.jpa.open-in-view to disable this warning
2026-02-20T09:29:17.805+05:30  INFO 9692 --- [revpay] [main] r$InitializeUserDetailsManagerConfigurer : Global AuthenticationManager configured with UserDetailsService bean with name inMemoryUserDetailsManager
2026-02-20T09:29:18.551+05:30  INFO 9692 --- [revpay] [main] o.s.b.w.embedded.tomcat.TomcatWebServer  : Tomcat started on port 8080 (http) with context path '/'
2026-02-20T09:29:18.570+05:30  INFO 9692 --- [revpay] [main] com.revpay.RevpayApplication             : Started RevpayApplication in 10.845 seconds (process running for 11.785)
2026-02-20T09:29:48.933+05:30  INFO 9692 --- [revpay] [SpringApplicationShutdownHook] o.s.b.w.e.tomcat.GracefulShutdown        : Commencing graceful shutdown. Waiting for active requests to complete
2026-02-20T09:29:48.954+05:30  INFO 9692 --- [revpay] [tomcat-shutdown] o.s.b.w.e.tomcat.GracefulShutdown        : Graceful shutdown complete
2026-02-20T09:29:48.963+05:30  INFO 9692 --- [revpay] [SpringApplicationShutdownHook] j.LocalContainerEntityManagerFactoryBean : Closing JPA EntityManagerFactory for persistence unit 'default'
2026-02-20T09:29:48.967+05:30  INFO 9692 --- [revpay] [SpringApplicationShutdownHook] com.zaxxer.hikari.HikariDataSource       : HikariPool-1 - Shutdown initiated...
2026-02-20T09:29:48.978+05:30  INFO 9692 --- [revpay] [SpringApplicationShutdownHook] com.zaxxer.hikari.HikariDataSource       : HikariPool-1 - Shutdown completed.
