2026-02-19T12:03:33.678+05:30  INFO 18276 --- [revpay] [main] com.revpay.RevpayApplication             : Starting RevpayApplication using Java 22.0.2 with PID 18276 (C:\Users\namit\Desktop\RevTraining\Project 2\revpay\target\classes started by namit in C:\Users\namit\Desktop\RevTraining\Project 2\revpay)
2026-02-19T12:03:33.687+05:30  INFO 18276 --- [revpay] [main] com.revpay.RevpayApplication             : No active profile set, falling back to 1 default profile: "default"
2026-02-19T12:03:35.154+05:30  INFO 18276 --- [revpay] [main] .s.d.r.c.RepositoryConfigurationDelegate : Bootstrapping Spring Data JPA repositories in DEFAULT mode.
2026-02-19T12:03:35.292+05:30  INFO 18276 --- [revpay] [main] .s.d.r.c.RepositoryConfigurationDelegate : Finished Spring Data repository scanning in 131 ms. Found 5 JPA repository interfaces.
2026-02-19T12:03:36.535+05:30  INFO 18276 --- [revpay] [main] o.s.b.w.embedded.tomcat.TomcatWebServer  : Tomcat initialized with port 8080 (http)
2026-02-19T12:03:36.561+05:30  INFO 18276 --- [revpay] [main] o.apache.catalina.core.StandardService   : Starting service [Tomcat]
2026-02-19T12:03:36.561+05:30  INFO 18276 --- [revpay] [main] o.apache.catalina.core.StandardEngine    : Starting Servlet engine: [Apache Tomcat/10.1.50]
2026-02-19T12:03:36.657+05:30  INFO 18276 --- [revpay] [main] o.a.c.c.C.[Tomcat].[localhost].[/]       : Initializing Spring embedded WebApplicationContext
2026-02-19T12:03:36.657+05:30  INFO 18276 --- [revpay] [main] w.s.c.ServletWebServerApplicationContext : Root WebApplicationContext: initialization completed in 2851 ms
2026-02-19T12:03:36.707+05:30  WARN 18276 --- [revpay] [main] .s.s.UserDetailsServiceAutoConfiguration : 

Using generated security password: f12e29f5-675e-443d-bf4e-d22d60c92230

This generated password is for development use only. Your security configuration must be updated before running your application in production.

2026-02-19T12:03:36.790+05:30 DEBUG 18276 --- [revpay] [main] c.r.security.JwtAuthenticationFilter     : Filter 'jwtAuthenticationFilter' configured for use
2026-02-19T12:03:37.090+05:30  INFO 18276 --- [revpay] [main] o.hibernate.jpa.internal.util.LogHelper  : HHH000204: Processing PersistenceUnitInfo [name: default]
2026-02-19T12:03:37.210+05:30  INFO 18276 --- [revpay] [main] org.hibernate.Version                    : HHH000412: Hibernate ORM core version 6.6.41.Final
2026-02-19T12:03:37.264+05:30  INFO 18276 --- [revpay] [main] o.h.c.internal.RegionFactoryInitiator    : HHH000026: Second-level cache disabled
2026-02-19T12:03:37.749+05:30  INFO 18276 --- [revpay] [main] o.s.o.j.p.SpringPersistenceUnitInfo      : No LoadTimeWeaver setup: ignoring JPA class transformer
2026-02-19T12:03:37.812+05:30  INFO 18276 --- [revpay] [main] com.zaxxer.hikari.HikariDataSource       : HikariPool-1 - Starting...
2026-02-19T12:03:38.208+05:30  INFO 18276 --- [revpay] [main] com.zaxxer.hikari.pool.HikariPool        : HikariPool-1 - Added connection com.mysql.cj.jdbc.ConnectionImpl@7f2ca6f8
2026-02-19T12:03:38.223+05:30  INFO 18276 --- [revpay] [main] com.zaxxer.hikari.HikariDataSource       : HikariPool-1 - Start completed.
2026-02-19T12:03:38.413+05:30  WARN 18276 --- [revpay] [main] org.hibernate.orm.deprecation            : HHH90000025: MySQLDialect does not need to be specified explicitly using 'hibernate.dialect' (remove the property setting and it will be selected by default)
2026-02-19T12:03:38.444+05:30  INFO 18276 --- [revpay] [main] org.hibernate.orm.connections.pooling    : HHH10001005: Database info:
	Database JDBC URL [Connecting through datasource 'HikariDataSource (HikariPool-1)']
	Database driver: undefined/unknown
	Database version: 8.0.44
	Autocommit mode: undefined/unknown
	Isolation level: undefined/unknown
	Minimum pool size: undefined/unknown
	Maximum pool size: undefined/unknown
2026-02-19T12:03:38.465+05:30 DEBUG 18276 --- [revpay] [main] o.h.t.d.sql.spi.DdlTypeRegistry          : addDescriptor(12, org.hibernate.type.descriptor.sql.internal.CapacityDependentDdlType@793d09e) replaced previous registration(org.hibernate.type.descriptor.sql.internal.CapacityDependentDdlType@68821f6)
2026-02-19T12:03:38.467+05:30 DEBUG 18276 --- [revpay] [main] o.h.t.d.sql.spi.DdlTypeRegistry          : addDescriptor(-9, org.hibernate.type.descriptor.sql.internal.CapacityDependentDdlType@3ba46845) replaced previous registration(org.hibernate.type.descriptor.sql.internal.CapacityDependentDdlType@40a28bda)
2026-02-19T12:03:38.467+05:30 DEBUG 18276 --- [revpay] [main] o.h.t.d.sql.spi.DdlTypeRegistry          : addDescriptor(-3, org.hibernate.type.descriptor.sql.internal.CapacityDependentDdlType@592cb470) replaced previous registration(org.hibernate.type.descriptor.sql.internal.CapacityDependentDdlType@1e6cb932)
2026-02-19T12:03:38.467+05:30 DEBUG 18276 --- [revpay] [main] o.h.t.d.sql.spi.DdlTypeRegistry          : addDescriptor(4003, org.hibernate.type.descriptor.sql.internal.DdlTypeImpl@6921cfa) replaced previous registration(org.hibernate.type.descriptor.sql.internal.DdlTypeImpl@523abba9)
2026-02-19T12:03:38.467+05:30 DEBUG 18276 --- [revpay] [main] o.h.t.d.sql.spi.DdlTypeRegistry          : addDescriptor(4001, org.hibernate.type.descriptor.sql.internal.DdlTypeImpl@6e090aaa) replaced previous registration(org.hibernate.type.descriptor.sql.internal.DdlTypeImpl@15d79b70)
2026-02-19T12:03:38.469+05:30 DEBUG 18276 --- [revpay] [main] o.h.t.d.sql.spi.DdlTypeRegistry          : addDescriptor(4002, org.hibernate.type.descriptor.sql.internal.DdlTypeImpl@33430fc) replaced previous registration(org.hibernate.type.descriptor.sql.internal.DdlTypeImpl@45424c0)
2026-02-19T12:03:38.469+05:30 DEBUG 18276 --- [revpay] [main] o.h.t.d.sql.spi.DdlTypeRegistry          : addDescriptor(2004, org.hibernate.type.descriptor.sql.internal.CapacityDependentDdlType@22ae32ba) replaced previous registration(org.hibernate.type.descriptor.sql.internal.DdlTypeImpl@b8b2184)
2026-02-19T12:03:38.469+05:30 DEBUG 18276 --- [revpay] [main] o.h.t.d.sql.spi.DdlTypeRegistry          : addDescriptor(2005, org.hibernate.type.descriptor.sql.internal.CapacityDependentDdlType@299a43d9) replaced previous registration(org.hibernate.type.descriptor.sql.internal.DdlTypeImpl@ccd000e)
2026-02-19T12:03:38.469+05:30 DEBUG 18276 --- [revpay] [main] o.h.t.d.sql.spi.DdlTypeRegistry          : addDescriptor(2011, org.hibernate.type.descriptor.sql.internal.CapacityDependentDdlType@5fa5c8cf) replaced previous registration(org.hibernate.type.descriptor.sql.internal.DdlTypeImpl@d7055be)
2026-02-19T12:03:39.659+05:30  INFO 18276 --- [revpay] [main] o.h.e.t.j.p.i.JtaPlatformInitiator       : HHH000489: No JTA platform available (set 'hibernate.transaction.jta.platform' to enable JTA platform integration)
2026-02-19T12:03:39.831+05:30 DEBUG 18276 --- [revpay] [main] org.hibernate.SQL                        : create table notifications (id bigint not null auto_increment, created_at datetime(6), is_read bit not null, message varchar(255), type varchar(255), user_id bigint, primary key (id)) engine=InnoDB
2026-02-19T12:03:39.988+05:30  INFO 18276 --- [revpay] [main] j.LocalContainerEntityManagerFactoryBean : Initialized JPA EntityManagerFactory for persistence unit 'default'
2026-02-19T12:03:40.729+05:30  WARN 18276 --- [revpay] [main] JpaBaseConfiguration$JpaWebConfiguration : spring.jpa.open-in-view is enabled by default. Therefore, database queries may be performed during view rendering. Explicitly configure spring.jpa.open-in-view to disable this warning
2026-02-19T12:03:41.114+05:30  INFO 18276 --- [revpay] [main] r$InitializeUserDetailsManagerConfigurer : Global AuthenticationManager configured with UserDetailsService bean with name inMemoryUserDetailsManager
2026-02-19T12:03:41.638+05:30  INFO 18276 --- [revpay] [main] o.s.b.w.embedded.tomcat.TomcatWebServer  : Tomcat started on port 8080 (http) with context path '/'
2026-02-19T12:03:41.653+05:30  INFO 18276 --- [revpay] [main] com.revpay.RevpayApplication             : Started RevpayApplication in 9.127 seconds (process running for 10.148)
2026-02-19T12:04:02.496+05:30  INFO 18276 --- [revpay] [SpringApplicationShutdownHook] o.s.b.w.e.tomcat.GracefulShutdown        : Commencing graceful shutdown. Waiting for active requests to complete
2026-02-19T12:04:02.536+05:30  INFO 18276 --- [revpay] [tomcat-shutdown] o.s.b.w.e.tomcat.GracefulShutdown        : Graceful shutdown complete
2026-02-19T12:04:02.540+05:30  INFO 18276 --- [revpay] [SpringApplicationShutdownHook] j.LocalContainerEntityManagerFactoryBean : Closing JPA EntityManagerFactory for persistence unit 'default'
2026-02-19T12:04:02.540+05:30  INFO 18276 --- [revpay] [SpringApplicationShutdownHook] com.zaxxer.hikari.HikariDataSource       : HikariPool-1 - Shutdown initiated...
2026-02-19T12:04:02.556+05:30  INFO 18276 --- [revpay] [SpringApplicationShutdownHook] com.zaxxer.hikari.HikariDataSource       : HikariPool-1 - Shutdown completed.
